<?xml version="1.0" encoding="UTF-8"?>
<!-- Generated by org.testng.reporters.JUnitReportReporter -->
<testsuite skipped="0" hostname="DESKTOP-UVEVA0A" name="com.actitime.testscripts.LoginTest" tests="1" failures="0" timestamp="2020-04-29T17:12:40 IST" time="31.048" errors="0">
  <testcase name="loginTest" time="31.048" classname="com.actitime.testscripts.LoginTest"/>
  <system-out/>
</testsuite> <!-- com.actitime.testscripts.LoginTest -->
